<?xml version="1.0" encoding="UTF-8"?>
<testng-results ignored="0" total="1" passed="1" failed="0" skipped="0">
  <reporter-output>
  </reporter-output>
  <suite started-at="2024-02-28T16:15:03 IST" name="Default suite" finished-at="2024-02-28T16:15:29 IST" duration-ms="26212">
    <groups>
    </groups>
    <test started-at="2024-02-28T16:15:03 IST" name="Default test" finished-at="2024-02-28T16:15:29 IST" duration-ms="26212">
      <class name="CAW_Studio.Tests.DynamicTableDataTest">
        <test-method is-config="true" signature="launchURL()[pri:0, instance:CAW_Studio.Tests.DynamicTableDataTest@16610890]" started-at="2024-02-28T16:15:03 IST" name="launchURL" finished-at="2024-02-28T16:15:10 IST" duration-ms="6852" status="PASS">
          <reporter-output>
          </reporter-output>
        </test-method> <!-- launchURL -->
        <test-method signature="DynamicTableDataValidation(java.lang.String)[pri:0, instance:CAW_Studio.Tests.DynamicTableDataTest@16610890]" started-at="2024-02-28T16:15:10 IST" name="DynamicTableDataValidation" data-provider="getData" finished-at="2024-02-28T16:15:28 IST" duration-ms="18282" status="PASS">
          <params>
            <param index="0">
              <value>
                <![CDATA[[
  {
    "name": "Bob",
    "age": 20,
    "gender": "male"
  },
  {
    "name": "George",
    "age": 42,
    "gender": "male"
  },
  {
    "name": "Sara",
    "age": 42,
    "gender": "female"
  },
  {
    "name": "Conor",
    "age": 40,
    "gender": "male"
  },
  {
    "name": "Jennifer",
    "age": 42,
    "gender": "female"
  }
]]]>
              </value>
            </param>
          </params>
          <reporter-output>
          </reporter-output>
        </test-method> <!-- DynamicTableDataValidation -->
        <test-method is-config="true" signature="teardown()[pri:0, instance:CAW_Studio.Tests.DynamicTableDataTest@16610890]" started-at="2024-02-28T16:15:28 IST" name="teardown" finished-at="2024-02-28T16:15:29 IST" duration-ms="940" status="PASS">
          <reporter-output>
          </reporter-output>
        </test-method> <!-- teardown -->
      </class> <!-- CAW_Studio.Tests.DynamicTableDataTest -->
    </test> <!-- Default test -->
  </suite> <!-- Default suite -->
</testng-results>
